2016-03-24 12:36:39 INFO  main [mitsuba.cpp:275] Mitsuba version 0.5.0 (Linux, 64 bit), Copyright (c) 2014 Wenzel Jakob
2016-03-24 12:36:39 INFO  main [mitsuba.cpp:377] Parsing scene description from "test.xml" ..
2016-03-24 12:36:39 INFO  main [PluginManager] Loading plugin "plugins/vertexcolors.so" ..
2016-03-24 12:36:39 INFO  main [PluginManager] Loading plugin "plugins/diffuse.so" ..
2016-03-24 12:36:39 INFO  main [PluginManager] Loading plugin "plugins/ply.so" ..
2016-03-24 12:36:39 INFO  main [PLYLoader] Loading geometry from "mySquare.ply" ..
2016-03-24 12:36:39 INFO  main [PLYLoader] "mySquare": Loaded 2 triangles, 4 vertices (200 B in 0 ms).
2016-03-24 12:36:39 INFO  main [PluginManager] Loading plugin "plugins/direct.so" ..
2016-03-24 12:36:39 INFO  main [Scene] No sensors found! Adding a perspective camera..
2016-03-24 12:36:39 INFO  main [PluginManager] Loading plugin "plugins/perspective.so" ..
2016-03-24 12:36:39 INFO  main [PluginManager] Loading plugin "plugins/hdrfilm.so" ..
2016-03-24 12:36:39 INFO  main [PluginManager] Loading plugin "plugins/gaussian.so" ..
2016-03-24 12:36:39 INFO  main [PluginManager] Loading plugin "plugins/independent.so" ..
2016-03-24 12:36:39 INFO  ren0 [KDTreeBase] Constructing a SAH kd-tree (2 primitives) ..
2016-03-24 12:36:39 INFO  ren0 [KDTreeBase] Finished -- took 0 ms.
2016-03-24 12:36:39 WARN  ren0 [Scene] No emitters found -- adding sun & sky.
2016-03-24 12:36:39 INFO  ren0 [PluginManager] Loading plugin "plugins/sunsky.so" ..
2016-03-24 12:36:39 INFO  ren0 [PluginManager] Loading plugin "plugins/sky.so" ..
2016-03-24 12:36:39 INFO  ren0 [PluginManager] Loading plugin "plugins/envmap.so" ..
2016-03-24 12:36:39 INFO  ren0 [PluginManager] Loading plugin "plugins/lanczos.so" ..
2016-03-24 12:36:39 INFO  ren0 [EnvironmentMap] Precomputing data structures for environment map sampling (515.0 KiB)
2016-03-24 12:36:39 INFO  ren0 [EnvironmentMap] Done (took 0 ms)
2016-03-24 12:36:39 INFO  ren0 [PluginManager] Loading plugin "plugins/sphere.so" ..
2016-03-24 12:36:39 INFO  ren0 [SamplingIntegrator] Starting render job (768x576, 4 samples, 4 cores, SSE2 enabled) ..
2016-03-24 12:36:40 INFO  ren0 [RenderJob] Render time: 0.6380s
2016-03-24 12:36:40 INFO  ren0 [HDRFilm] Writing image to "/home/ben/render/mexximp/examples/mitsubaPly/test.exr" ..
2016-03-24 12:36:40 INFO  main [statistics.cpp:142] Statistics:
------------------------------------------------------------
 * Loaded plugins :
    -  plugins/diffuse.so [Smooth diffuse BRDF]
    -  plugins/direct.so [Direct illumination integrator]
    -  plugins/envmap.so [Environment map]
    -  plugins/gaussian.so [Gaussian reconstruction filter]
    -  plugins/hdrfilm.so [High dynamic range film]
    -  plugins/independent.so [Independent sampler]
    -  plugins/lanczos.so [Lanczos Sinc filter]
    -  plugins/perspective.so [Perspective camera]
    -  plugins/ply.so [PLY mesh loader]
    -  plugins/sky.so [Skylight emitter]
    -  plugins/sphere.so [Sphere intersection primitive]
    -  plugins/sunsky.so [Sun & sky emitter]
    -  plugins/vertexcolors.so [Vertex color texture]

  * General :
    -  Normal rays traced : 2.070 M
    -  Shadow rays traced : 300.171 K

  * Texture system :
    -  Cumulative MIP map memory allocations : 1 MiB
    -  Filtered texture lookups : 62.00 % (1.47 M of 2.37 M)
    -  Lookups with clamped anisotropy : 0.00 % (0.00 of 1.47 M)
------------------------------------------------------------
